<?xml version="1.0" encoding="UTF-8"?>
<!-- Generated by org.testng.reporters.JUnitReportReporter -->
<testsuite hostname="HP-5CG8283BFM" failures="0" tests="3" name="test.Maven_GithubAction_integration.WebTest1" time="0.041" errors="0" timestamp="2024-09-14T22:28:54 IST" skipped="0">
  <testcase classname="test.Maven_GithubAction_integration.WebTest1" name="Test1" time="0.034"/>
  <testcase classname="test.Maven_GithubAction_integration.WebTest1" name="Test2" time="0.004"/>
  <testcase classname="test.Maven_GithubAction_integration.WebTest1" name="Test3" time="0.003"/>
</testsuite> <!-- test.Maven_GithubAction_integration.WebTest1 -->
