<?xml version="1.0" encoding="UTF-8"?>
<!-- Generated by org.testng.reporters.JUnitReportReporter -->
<testsuite hostname="HP-5CG8283BFM" failures="0" tests="4" name="test.Maven_GithubAction_integration.WebTest1" time="0.011" errors="0" timestamp="2024-09-15T01:03:40 IST" skipped="0">
  <testcase classname="test.Maven_GithubAction_integration.WebTest1" name="Test1" time="0.008"/>
  <testcase classname="test.Maven_GithubAction_integration.WebTest1" name="Test2" time="0.001"/>
  <testcase classname="test.Maven_GithubAction_integration.WebTest1" name="Test3" time="0.002"/>
  <testcase classname="test.Maven_GithubAction_integration.WebTest1" name="Test4" time="0.000"/>
</testsuite> <!-- test.Maven_GithubAction_integration.WebTest1 -->
